fipscheck-lib-1.2.0-7.el6.x86_64
atmel-firmware-1.3-7.el6.noarch
popt-1.13-7.el6.x86_64
plymouth-core-libs-0.8.3-24.el6.centos.x86_64
gamin-0.1.10-9.el6.x86_64
iwl6050-firmware-41.28.5.1-2.el6.noarch
openldap-2.4.23-26.el6.x86_64
b43-openfwwf-5.2-4.el6.noarch
procps-3.2.8-23.el6.x86_64
fontconfig-2.8.0-3.el6.x86_64
bind-9.8.2-0.10.rc1.el6.x86_64
dbus-libs-1.2.24-7.el6_3.x86_64
device-mapper-event-libs-1.02.74-10.el6.x86_64
avahi-libs-0.6.25-11.el6.x86_64
yum-utils-1.1.30-14.el6.noarch
libogg-1.1.4-2.1.el6.x86_64
smartmontools-5.42-2.el6.x86_64
libgudev1-147-2.42.el6.x86_64
psacct-6.3.2-63.el6_1.1.x86_64
libpng-1.2.49-1.el6_2.x86_64
groff-1.18.1.4-21.el6.x86_64
libtiff-3.9.4-9.el6_3.x86_64
qemu-img-0.12.1.2-2.295.el6_3.10.x86_64
libnih-1.0.1-7.el6.x86_64
spice-server-0.10.1-10.el6.x86_64
pygpgme-0.1-18.20090824bzr68.el6.x86_64
rpcbind-0.2.0-9.el6.x86_64
quota-3.17-16.el6.x86_64
libsndfile-1.0.20-5.el6.x86_64
mlocate-0.22.2-3.el6.x86_64
eggdbus-0.6-3.el6.x86_64
iwl1000-firmware-39.31.5.1-1.el6.noarch
cyrus-sasl-md5-2.1.23-13.el6_3.1.x86_64
bash-4.1.2-9.el6_2.x86_64
libthai-0.1.12-3.el6.x86_64
perl-Pod-Escapes-1.04-127.el6.x86_64
ORBit2-2.14.17-3.2.el6_3.x86_64
rt61pci-firmware-1.2-7.el6.noarch
libxcb-1.5-1.el6.x86_64
ivtv-firmware-20080701-20.2.noarch
augeas-libs-0.9.0-4.el6.x86_64
nss-tools-3.13.3-8.el6.x86_64
hdparm-9.16-3.4.el6.x86_64
vim-common-7.2.411-1.8.el6.x86_64
keyutils-1.4-4.el6.x86_64
rpm-4.8.0-27.el6.x86_64
radvd-1.6-1.el6.x86_64
selinux-policy-3.7.19-155.el6_3.noarch
libX11-1.3-2.el6.x86_64
grub-0.97-77.el6.x86_64
libXfixes-4.0.4-1.el6.x86_64
man-pages-overrides-6.3.3-1.el6.noarch
pulseaudio-libs-0.9.21-14.el6_3.x86_64
libsepol-2.0.41-4.el6.x86_64
libXcomposite-0.4.1-2.el6.x86_64
ql2500-firmware-5.06.05-1.el6.noarch
libXft-2.1.13-4.1.el6.x86_64
yum-metadata-parser-1.1.2-16.el6.x86_64
cryptsetup-luks-1.2.0-7.el6.x86_64
libvirt-client-0.9.10-21.el6_3.8.x86_64
btrfs-progs-0.19-12.el6.x86_64
gtk2-2.18.9-10.el6.x86_64
pinentry-0.7.6-6.el6.x86_64
spice-gtk-0.11-11.el6_3.1.x86_64
vconfig-1.9-8.1.el6.x86_64
spice-gtk-python-0.11-11.el6_3.1.x86_64
dhcp-common-4.1.1-31.P1.el6.x86_64
gnome-python2-gnomekeyring-2.28.0-4.el6.x86_64
glib2-2.22.5-7.el6.x86_64
sgabios-bin-0-0.3.20110621svn.el6.noarch
sed-4.2.1-10.el6.x86_64
qemu-kvm-0.12.1.2-2.295.el6_3.10.x86_64
ipw2100-firmware-1.3-11.el6.noarch
ftp-0.17-51.1.el6_3.1.x86_64
pam-1.1.1-10.el6_2.1.x86_64
vim-minimal-7.2.411-1.8.el6.x86_64
httpd-2.2.15-15.el6.centos.1.x86_64
dbus-glib-0.86-5.el6.x86_64
libpcap-1.0.0-6.20091201git117cb5.el6.x86_64
mysql-server-5.1.67-1.el6_3.x86_64
authconfig-6.1.12-10.el6.x86_64
php-common-5.3.21-14.el6.art.x86_64
dhclient-4.1.1-31.P1.el6.x86_64
php-cli-5.3.21-14.el6.art.x86_64
diffutils-2.8.1-28.el6.x86_64
php-mysql-5.3.21-14.el6.art.x86_64
irqbalance-0.55-34.el6.x86_64
nfs-utils-1.2.3-26.el6.x86_64
ql2400-firmware-5.06.05-1.el6.noarch
nfs4-acl-tools-0.3.3-6.el6.x86_64
libgpg-error-1.7-4.el6.x86_64
libvirt-0.9.10-21.el6_3.8.x86_64
iputils-20071127-16.el6.x86_64
boost-filesystem-1.41.0-11.el6_1.2.x86_64
dmidecode-2.11-2.el6.x86_64
qpid-cpp-client-ssl-0.14-22.el6_3.x86_64
setserial-2.17-25.el6.x86_64
cim-schema-2.22.0-2.1.el6.noarch
glibc-common-2.12-1.80.el6.x86_64
libcmpiutil-0.5.6-1.el6.x86_64
nss-util-3.13.3-2.el6.x86_64
perl-libwww-perl-5.833-2.el6.noarch
readline-6.0-4.el6.x86_64
tzdata-java-2012j-1.el6.noarch
libcap-ng-0.6.4-3.el6_0.1.x86_64
matahari-core-0.6.0-14.el6.x86_64
libidn-1.18-2.el6.x86_64
libconfig-1.3.2-1.1.el6.x86_64
python-pycurl-7.19.0-8.el6.x86_64
libvirt-java-devel-0.4.7-1.el6_3.1.noarch
man-1.6f-30.el6.x86_64
MySQL-shared-compat-6.0.11-0.rhel5.x86_64
rpm-python-4.8.0-27.el6.x86_64
php-mcrypt-5.3.21-14.el6.art.x86_64
parted-2.1-18.el6.x86_64
zlib-1.2.3-27.el6.x86_64
grubby-7.0.15-3.el6.x86_64
setup-2.8.14-16.el6.noarch
tcp_wrappers-7.6-57.el6.x86_64
nspr-4.9-1.el6.x86_64
kbd-misc-1.15-11.el6.noarch
perl-Pod-Simple-3.13-127.el6.x86_64
kbd-1.15-11.el6.x86_64
perl-5.10.1-127.el6.x86_64
setuptool-1.19.9-3.el6.x86_64
libuuid-2.17.2-12.7.el6.x86_64
screen-4.0.3-16.el6.x86_64
less-436-10.el6.x86_64
grep-2.6.3-3.el6.x86_64
bc-1.06.95-1.el6.x86_64
coreutils-libs-8.4-19.el6.x86_64
traceroute-2.0.14-2.el6.x86_64
bzip2-libs-1.0.5-7.el6_0.x86_64
bridge-utils-1.2-9.el6.x86_64
cracklib-2.8.16-4.el6.x86_64
man-pages-3.22-17.el6.noarch
e2fsprogs-libs-1.41.12-12.el6.x86_64
tzdata-2012c-1.el6.noarch
psmisc-22.6-15.el6_0.1.x86_64
freetype-2.3.11-14.el6_3.1.x86_64
krb5-libs-1.9-33.el6.x86_64
cyrus-sasl-lib-2.1.23-13.el6_3.1.x86_64
rpm-libs-4.8.0-27.el6.x86_64
libxml2-2.7.6-8.el6_3.4.x86_64
util-linux-ng-2.17.2-12.7.el6.x86_64
libjpeg-6b-46.el6.x86_64
pth-2.0.7-9.3.el6.x86_64
pixman-0.18.4-1.el6_0.1.x86_64
python-libs-2.6.6-29.el6_2.2.x86_64
libgssglue-0.1-11.el6.x86_64
nmap-5.51-2.el6.x86_64
usbredir-0.4.3-1.el6_3.x86_64
openssh-clients-5.3p1-81.el6.x86_64
celt051-0.5.1.3-0.el6.x86_64
bind-chroot-9.8.2-0.10.rc1.el6.x86_64
yajl-1.0.7-3.el6.x86_64
m4-1.4.13-5.el6.x86_64
libcacard-0.15.0-2.el6.x86_64
gzip-1.3.12-18.el6.x86_64
gnutls-2.8.5-4.el6_2.2.x86_64
tar-1.23-7.el6.x86_64
numactl-2.0.7-3.el6.x86_64
alsa-utils-1.0.22-3.el6.x86_64
libtirpc-0.2.1-5.el6.x86_64
xorg-x11-drv-ati-firmware-6.14.2-9.el6.noarch
libxml2-python-2.7.6-8.el6_3.4.x86_64
elfutils-libelf-0.152-1.el6.x86_64
libaio-0.3.107-10.el6.x86_64
libsemanage-2.0.43-4.1.el6.x86_64
pkgconfig-0.23-9.1.el6.x86_64
ustr-1.0.4-9.1.el6.x86_64
libart_lgpl-2.3.20-5.1.el6.x86_64
libffi-3.0.5-3.2.el6.x86_64
rarian-0.8.1-5.1.el6.x86_64
fipscheck-1.2.0-7.el6.x86_64
cups-libs-1.4.2-48.el6_3.3.x86_64
cronie-anacron-1.4.4-7.el6.x86_64
gnutls-utils-2.8.5-4.el6_2.2.x86_64
pciutils-3.1.4-11.el6.x86_64
libvorbis-1.2.3-4.el6_2.1.x86_64
gpm-libs-1.20.6-12.el6.x86_64
hal-libs-0.5.14-11.el6.x86_64
which-2.19-6.el6.x86_64
jasper-libs-1.900.1-15.el6_1.1.x86_64
mtr-0.75-5.el6.x86_64
polkit-0.96-2.el6_0.1.x86_64
zip-3.0-1.el6.x86_64
dnsmasq-2.48-6.el6.x86_64
libgcc-4.4.6-4.el6.x86_64
cyrus-sasl-2.1.23-13.el6_3.1.x86_64
chkconfig-1.3.49.3-2.el6.x86_64
desktop-file-utils-0.15-9.el6.x86_64
libertas-usb8388-firmware-5.110.22.p23-3.1.el6.noarch
libpciaccess-0.12.1-1.el6.x86_64
iwl4965-firmware-228.61.2.24-2.1.el6.noarch
libIDL-0.8.13-2.1.el6.x86_64
ncurses-libs-5.7-3.20090208.el6.x86_64
lzo-2.03-3.1.el6.x86_64
libudev-147-2.42.el6.x86_64
libXau-1.0.5-1.el6.x86_64
file-libs-5.04-13.el6.x86_64
xml-common-0.6.3-32.el6.noarch
pcre-7.8-4.el6.x86_64
libevent-1.4.13-4.el6.x86_64
redhat-logos-60.0.14-11.el6.centos.noarch
netcf-libs-0.1.9-2.el6.x86_64
upstart-0.6.5-12.el6.x86_64
gettext-0.17-16.el6.x86_64
net-tools-1.60-110.el6_2.x86_64
sgml-common-0.6.3-32.el6.noarch
keyutils-libs-1.4-4.el6.x86_64
ebtables-2.0.9-6.el6.x86_64
bind-libs-9.8.2-0.10.rc1.el6.x86_64
initscripts-9.03.31-2.el6.centos.x86_64
numad-0.5-4.20120522git.el6.x86_64
device-mapper-libs-1.02.74-10.el6.x86_64
gpxe-roms-qemu-0.9.7-6.9.el6.noarch
gdbm-1.8.0-36.el6.x86_64
libX11-common-1.3-2.el6.noarch
yum-3.2.29-30.el6.centos.noarch
libXrender-0.9.5-1.el6.x86_64
openssh-server-5.3p1-81.el6.x86_64
libXext-1.1-3.el6.x86_64
libcgroup-0.37-4.el6.x86_64
libXrandr-1.3.0-4.el6.x86_64
libattr-2.4.44-7.el6.x86_64
libXtst-1.0.99.2-3.el6.x86_64
at-3.1.10-43.el6_2.1.x86_64
pulseaudio-libs-glib2-0.9.21-14.el6_3.x86_64
iptables-ipv6-1.4.7-5.1.el6_2.x86_64
libXcursor-1.1.10-2.el6.x86_64
strace-4.5.19-1.11.el6_2.1.x86_64
libXdamage-1.1.2-1.el6.x86_64
tcp_wrappers-libs-7.6-57.el6.x86_64
pycairo-1.8.6-2.1.el6.x86_64
mailx-12.4-6.el6.x86_64
pango-1.28.1-7.el6_3.x86_64
mingetty-1.08-5.el6.x86_64
cryptsetup-luks-libs-1.2.0-7.el6.x86_64
wireless-tools-29-5.1.1.el6.x86_64
pm-utils-1.2.5-9.el6.x86_64
cronie-1.4.4-7.el6.x86_64
hal-info-20090716-3.1.el6.noarch
python-ethtool-0.6-1.el6.x86_64
libvirt-python-0.9.10-21.el6_3.8.x86_64
attr-2.4.44-7.el6.x86_64
nc-1.84-22.el6.x86_64
time-1.7-37.1.el6.x86_64
iwl6000-firmware-9.221.4.1-1.el6.noarch
iwl5150-firmware-8.24.2.2-1.el6.noarch
aic94xx-firmware-30-2.el6.noarch
libcom_err-1.41.12-12.el6.x86_64
rootfiles-8.1-6.1.el6.noarch
perl-version-0.77-127.el6.x86_64
rt73usb-firmware-1.8-7.el6.noarch
libstdc++-4.4.6-4.el6.x86_64
gawk-3.1.7-9.el6.x86_64
iproute-2.6.32-20.el6.x86_64
apr-1.3.9-5.el6_2.x86_64
nss-sysinit-3.13.3-8.el6.x86_64
portreserve-0.0.4-9.el6.x86_64
apr-util-ldap-1.3.9-3.el6_0.1.x86_64
hwdata-0.233-7.8.el6.noarch
curl-7.19.7-26.el6_2.4.x86_64
cpio-2.10-10.el6.x86_64
openssh-5.3p1-81.el6.x86_64
expat-2.0.1-11.el6_2.x86_64
iw-0.9.17-4.el6.x86_64
selinux-policy-targeted-3.7.19-155.el6_3.noarch
libusb-0.1.12-23.el6.x86_64
nss-softokn-freebl-3.12.9-11.el6.x86_64
libcap-2.16-5.5.el6.x86_64
passwd-0.77-4.el6_2.2.x86_64
tcsh-6.17-19.el6_2.x86_64
nss_compat_ossl-0.9.6-1.el6.x86_64
shadow-utils-4.1.4.2-13.el6.x86_64
rsync-3.0.6-9.el6.x86_64
nfs-utils-lib-1.1.5-4.el6.x86_64
libnl-1.1-14.el6.x86_64
slang-2.2.1-1.el6.x86_64
dash-0.5.5.1-3.1.el6.x86_64
newt-python-0.52.11-3.el6.x86_64
postfix-2.6.6-2.2.el6_1.x86_64
tmpwatch-2.9.16-4.el6.x86_64
python-urlgrabber-3.9.1-8.el6.noarch
nano-2.0.9-7.el6.x86_64
bfa-firmware-3.0.0.0-1.el6.noarch
centos-release-6-3.el6.centos.9.x86_64
db4-4.7.25-17.el6.x86_64
iwl3945-firmware-15.32.2.9-4.el6.noarch
ql2100-firmware-1.19.38-3.1.el6.noarch
ql23xx-firmware-3.03.27-3.1.el6.noarch
iptables-1.4.7-5.1.el6_2.x86_64
nss-3.13.3-8.el6.x86_64
libuser-0.56.13-5.el6.x86_64
libss-1.41.12-12.el6.x86_64
libselinux-utils-2.0.94-5.3.el6.x86_64
sqlite-3.6.20-1.el6.x86_64
openssl-1.0.0-20.el6_2.5.x86_64
cracklib-dicts-2.8.16-4.el6.x86_64
udev-147-2.42.el6.x86_64
lvm2-libs-2.02.95-10.el6.x86_64
vim-enhanced-7.2.411-1.8.el6.x86_64
xz-lzma-compat-4.999.9-0.3.beta.20091007git.el6.x86_64
rsyslog-5.8.10-2.el6.x86_64
bind-utils-9.8.2-0.10.rc1.el6.x86_64
e2fsprogs-1.41.12-12.el6.x86_64
audit-2.2-2.el6.x86_64
lsof-4.82-4.el6.x86_64
ethtool-2.6.33-0.3.el6.x86_64
sysvinit-tools-2.87-4.dsf.el6.x86_64
hicolor-icon-theme-0.11-1.1.el6.noarch
pygtk2-2.16.0-3.el6.x86_64
libglade2-2.6.4-3.1.el6.x86_64
gnome-keyring-2.28.2-8.el6_3.x86_64
gtk-vnc-python-0.3.10-3.el6.x86_64
libgnomecanvas-2.26.0-4.el6.x86_64
gnome-python2-desktop-2.28.0-4.el6.x86_64
pygtk2-libglade-2.16.0-3.el6.x86_64
vte-0.25.1-7.el6.x86_64
libselinux-python-2.0.94-5.3.el6.x86_64
virt-manager-0.9.0-14.el6.x86_64
virt-viewer-0.5.2-9.el6.x86_64
cyrus-sasl-plain-2.1.23-13.el6_3.1.x86_64
mailcap-2.1.31-2.el6.noarch
mysql-libs-5.1.67-1.el6_3.x86_64
mod_ssl-2.2.15-15.el6.centos.1.x86_64
perl-DBD-MySQL-4.013-3.el6.x86_64
gpg-pubkey-5ebd2744-418ffac9
autoconf-2.63-5.1.el6.noarch
php-pdo-5.3.21-14.el6.art.x86_64
php-5.3.21-14.el6.art.x86_64
php-ioncube-loader-4.2.2-2.el6.art.x86_64
nfs-utils-lib-devel-1.1.5-4.el6.x86_64
jpackage-utils-1.7.5-3.12.el6.noarch
sanlock-lib-2.3-1.el6.x86_64
perl-Compress-Raw-Zlib-2.020-127.el6.x86_64
boost-system-1.41.0-11.el6_1.2.x86_64
qpid-cpp-client-0.14-22.el6_3.x86_64
sigar-1.6.5-0.4.git58097d9.el6.x86_64
perl-IO-Compress-Zlib-2.020-127.el6.x86_64
sanlock-2.3-1.el6.x86_64
giflib-4.1.6-3.1.el6.x86_64
net-snmp-libs-5.5-41.el6_3.1.x86_64
perl-HTML-Tagset-3.20-4.el6.noarch
perl-URI-1.40-2.el6.noarch
sblim-sfcb-1.3.11-2.el6.x86_64
rhino-1.7-0.7.r2.2.el6.noarch
java-1.6.0-openjdk-1.6.0.0-1.50.1.11.5.el6_3.x86_64
libvirt-java-0.4.7-1.el6_3.1.noarch
matahari-lib-0.6.0-14.el6.x86_64
augeas-0.9.0-4.el6.x86_64
libvirt-cim-0.6.1-3.el6.x86_64
libvirt-qmf-0.3.0-8.el6_3.x86_64
libvirt-snmp-0.0.2-3.el6.x86_64
libvirt-devel-0.9.10-21.el6_3.8.x86_64
vsftpd-2.2.2-11.el6.x86_64
libmcrypt-2.5.7-5.el6.art.x86_64
sysstat-9.0.4-20.el6.x86_64
dbus-python-0.83.0-6.1.el6.x86_64
basesystem-10.0-4.el6.noarch
crda-1.1.1_2010.11.22-1.el6.x86_64
ql2200-firmware-2.02.08-3.1.el6.noarch
acl-2.2.49-6.el6.x86_64
ipw2200-firmware-3.1-4.el6.noarch
ed-1.1-3.3.el6.x86_64
logrotate-3.7.8-15.el6.x86_64
system-config-network-tui-1.6.0.el6.2-1.el6.noarch
xz-libs-4.999.9-0.3.beta.20091007git.el6.x86_64
libselinux-2.0.94-5.3.el6.x86_64
binutils-2.20.51.0.2-5.34.el6.x86_64
atk-1.28.0-2.el6.x86_64
libutempter-1.1.5-4.1.el6.x86_64
dbus-1.2.24-7.el6_3.x86_64
device-mapper-event-1.02.74-10.el6.x86_64
libusb1-1.0.9-0.5.rc1.el6.x86_64
xz-4.999.9-0.3.beta.20091007git.el6.x86_64
libICE-1.0.6-1.el6.x86_64
sudo-1.7.4p5-11.el6.x86_64
libtasn1-2.3-3.el6_2.1.x86_64
file-5.04-13.el6.x86_64
libSM-1.1.0-7.1.el6.x86_64
libedit-2.11-4.20080712cvs.1.el6.x86_64
libxslt-1.1.26-2.el6_3.1.x86_64
gnupg2-2.0.14-4.el6.x86_64
libasyncns-0.8-1.1.el6.x86_64
nss-softokn-3.12.9-11.el6.x86_64
rarian-compat-0.8.1-5.1.el6.x86_64
python-iwlib-0.1-1.2.el6.x86_64
flac-1.2.1-6.1.el6.x86_64
wget-1.12-1.4.el6.x86_64
ConsoleKit-libs-0.4.1-3.el6.x86_64
system-config-firewall-tui-1.2.27-5.el6.noarch
ConsoleKit-0.4.1-3.el6.x86_64
plymouth-scripts-0.8.3-24.el6.centos.x86_64
cvs-1.11.23-11.el6_2.1.x86_64
audit-libs-2.2-2.el6.x86_64
iscsi-initiator-utils-6.2.0.872-41.el6.x86_64
perl-libs-5.10.1-127.el6.x86_64
lzop-1.02-0.9.rc1.el6.x86_64
zd1211-firmware-1.4-4.el6.noarch
seabios-0.6.1.2-19.el6.x86_64
gmp-4.3.1-7.el6_2.2.x86_64
libgomp-4.4.6-4.el6.x86_64
lua-5.1.4-4.1.el6.x86_64
GConf2-2.28.0-6.el6.x86_64
findutils-4.4.2-6.el6.x86_64
checkpolicy-2.0.22-1.el6.x86_64
pygobject2-2.20.0-5.el6.x86_64
python-2.6.6-29.el6_2.2.x86_64
cairo-1.8.8-3.1.el6.x86_64
ca-certificates-2010.63-3.el6_1.5.noarch
libXi-1.3-3.el6.x86_64
tcpdump-4.0.0-3.20090921gitdf3cb4.2.el6.x86_64
spice-glib-0.11-11.el6_3.1.x86_64
ntsysv-1.3.49.3-2.el6.x86_64
libXinerama-1.1-1.el6.x86_64
newt-0.52.11-3.el6.x86_64
dbus-x11-1.2.24-7.el6_3.x86_64
usermode-1.102-3.el6.x86_64
hal-0.5.14-11.el6.x86_64
ntpdate-4.2.4p8-2.el6.centos.x86_64
vgabios-0.6b-3.6.el6.noarch
alsa-lib-1.0.22-3.el6.x86_64
gnome-python2-2.28.0-3.el6.x86_64
system-config-firewall-base-1.2.27-5.el6.noarch
gtk-vnc-0.3.10-3.el6.x86_64
filesystem-2.4.30-3.el6.x86_64
gnome-python2-canvas-2.28.0-3.el6.x86_64
glibc-2.12-1.80.el6.x86_64
gnome-python2-gconf-2.28.0-3.el6.x86_64
ncurses-base-5.7-3.20090208.el6.x86_64
python-virtinst-0.600.0-8.el6.noarch
info-4.13a-8.el6.x86_64
gpg-pubkey-c105b9de-4e0fd3a3
apr-util-1.3.9-3.el6_0.1.x86_64
db4-utils-4.7.25-17.el6.x86_64
httpd-tools-2.2.15-15.el6.centos.1.x86_64
libssh2-1.2.2-11.el6_3.x86_64
mysql-5.1.67-1.el6_3.x86_64
device-mapper-1.02.74-10.el6.x86_64
perl-DBI-1.609-4.el6.x86_64
yum-plugin-fastestmirror-1.1.30-14.el6.noarch
atomic-release-1.0-16.el6.art.noarch
mdadm-3.2.3-9.el6.x86_64
automake-1.11.1-1.2.el6.noarch
php-devel-5.3.21-14.el6.art.x86_64
ncurses-5.7-3.20090208.el6.x86_64
elinks-0.12-0.20.pre5.el6.x86_64
libgcrypt-1.4.5-9.el6_2.2.x86_64
libgssglue-devel-0.1-11.el6.x86_64
pciutils-libs-3.1.4-11.el6.x86_64
boost-program-options-1.41.0-11.el6_1.2.x86_64
python-iniparse-0.3.1-2.1.el6.noarch
perl-IO-Compress-Base-2.020-127.el6.x86_64
crontabs-1.10-33.el6.noarch
qpid-qmf-0.14-14.el6_3.x86_64
unzip-6.0-1.el6.x86_64
perl-Compress-Zlib-2.020-127.el6.x86_64
iwl5000-firmware-8.83.5.1_1-1.el6_1.1.noarch
lm_sensors-libs-3.1.1-10.el6.x86_64
perl-Module-Pluggable-3.90-127.el6.x86_64
perl-HTML-Parser-3.64-2.el6.x86_64
libblkid-2.17.2-12.7.el6.x86_64
jline-0.9.94-0.8.el6.noarch
coreutils-8.4-19.el6.x86_64
jna-3.2.4-2.el6.x86_64
bzip2-1.0.5-7.el6_0.x86_64
matahari-agent-lib-0.6.0-14.el6.x86_64
module-init-tools-3.9-20.el6.x86_64
libvirt-lock-sanlock-0.9.10-21.el6_3.8.x86_64
libcurl-7.19.7-26.el6_2.4.x86_64
libvirt-java-javadoc-0.4.7-1.el6_3.1.noarch
policycoreutils-2.0.83-19.24.el6.x86_64
libtool-ltdl-2.2.6-15.5.el6.x86_64
lvm2-2.02.95-10.el6.x86_64
MAKEDEV-3.24-6.el6.x86_64
libacl-2.2.49-6.el6.x86_64
efibootmgr-0.5.4-10.el6.x86_64
gpgme-1.1.8-3.el6.x86_64
